INFO:sim:172 - Generating IP...
Applying current project options...
Finished applying current project options.
WARNING:sim - A core named 'clk_gen' already exists in the project. Output
   products for this core may be overwritten.
Resolving generics for 'clk_gen'...
WARNING:sim - A core named 'clk_gen' already exists in the project. Output
   products for this core may be overwritten.
Applying external generics to 'clk_gen'...
Delivering associated files for 'clk_gen'...
WARNING:sim - Component clk_wiz_v3_6 does not have a valid model name for VHDL
   synthesis
Delivering EJava files for 'clk_gen'...
Delivered 3 files into directory
D:/git/VGA_application/src/ISE/VGA_application/ipcore_dir/tmp/_cg/clk_gen
Delivered 1 file into directory
D:/git/VGA_application/src/ISE/VGA_application/ipcore_dir/tmp/_cg/clk_gen
Generating ASY schematic symbol...
Loading device for application Rf_Device from file '6slx9.nph' in environment
E:\Xilinx\14.7\ISE_DS\ISE\.
INFO:sim:949 - Finished generation of ASY schematic symbol.
Generating SYM schematic symbol for 'clk_gen'...
Generating ISE project...
XCO file found: clk_gen.xco
XMDF file found: clk_gen_xmdf.tcl
Adding
D:/git/VGA_application/src/ISE/VGA_application/ipcore_dir/tmp/_cg/clk_gen.asy
-view all -origin_type imported
Adding
D:/git/VGA_application/src/ISE/VGA_application/ipcore_dir/tmp/_cg/clk_gen.ucf
-view all -origin_type created
Adding
D:/git/VGA_application/src/ISE/VGA_application/ipcore_dir/tmp/_cg/clk_gen.vhd
-view all -origin_type created
INFO:HDLCompiler:1061 - Parsing VHDL file
   "D:/git/VGA_application/src/ISE/VGA_application/ipcore_dir/tmp/_cg/clk_gen.vh
   d" into library work
INFO:ProjectMgmt - Parsing design hierarchy completed successfully.
Adding
D:/git/VGA_application/src/ISE/VGA_application/ipcore_dir/tmp/_cg/clk_gen.vho
-view all -origin_type imported
INFO:TclTasksC:2116 - The automatic calculation of top has been turned-off.
   Please set the new top explicitly by running the "project set top" command.
   To re-calculate the new top automatically, set the "Auto Implementation Top"
   property to true.
Top level has been set to "/clk_gen"
Generating README file...
Generating FLIST file...
INFO:sim:948 - Finished FLIST file generation.
Launching README viewer...
Moving files to output directory...
Finished moving files to output directory
Wrote CGP file for project 'clk_gen'.
